<?xml version="1.0" encoding="UTF-8"?>
<testng-results ignored="0" total="1" passed="1" failed="0" skipped="0">
  <reporter-output>
  </reporter-output>
  <suite started-at="2022-06-28T22:28:20Z" name="Command line suite" finished-at="2022-06-28T22:28:26Z" duration-ms="6314">
    <groups>
    </groups>
    <test started-at="2022-06-28T22:28:20Z" name="Command line test" finished-at="2022-06-28T22:28:26Z" duration-ms="6314">
      <class name="com.happyfaresdemo.operations.Operation">
        <test-method signature="perform()[pri:0, instance:com.happyfaresdemo.operations.Operation@7c29adc8]" started-at="2022-06-28T22:28:20Z" name="perform" finished-at="2022-06-28T22:28:26Z" duration-ms="6239" status="PASS">
          <reporter-output>
          </reporter-output>
        </test-method> <!-- perform -->
        <test-method is-config="true" signature="endTest(org.testng.ITestResult)[pri:0, instance:com.happyfaresdemo.operations.Operation@7c29adc8]" started-at="2022-06-28T22:28:26Z" name="endTest" finished-at="2022-06-28T22:28:26Z" duration-ms="60" status="PASS">
          <params>
            <param index="0">
              <value>
                <![CDATA[[TestResult name=perform status=SUCCESS method=Operation.perform()[pri:0, instance:com.happyfaresdemo.operations.Operation@7c29adc8] output={null}]]]>
              </value>
            </param>
          </params>
          <reporter-output>
          </reporter-output>
        </test-method> <!-- endTest -->
      </class> <!-- com.happyfaresdemo.operations.Operation -->
    </test> <!-- Command line test -->
  </suite> <!-- Command line suite -->
</testng-results>
